0 info it worked if it ends with ok
1 verbose cli [ '/Users/arjunnayak/.nvm/versions/node/v7.5.0/bin/node',
1 verbose cli   '/Users/arjunnayak/.nvm/versions/node/v7.5.0/bin/npm',
1 verbose cli   'run',
1 verbose cli   'server' ]
2 info using npm@4.1.2
3 info using node@v7.5.0
4 verbose config Skipping project config: /Users/arjunnayak/.npmrc. (matches userconfig)
5 verbose stack Error: ENOENT: no such file or directory, open '/Users/arjunnayak/package.json'
6 verbose cwd /Users/arjunnayak/workspace/greentap
7 error Darwin 16.5.0
8 error argv "/Users/arjunnayak/.nvm/versions/node/v7.5.0/bin/node" "/Users/arjunnayak/.nvm/versions/node/v7.5.0/bin/npm" "run" "server"
9 error node v7.5.0
10 error npm  v4.1.2
11 error path /Users/arjunnayak/package.json
12 error code ENOENT
13 error errno -2
14 error syscall open
15 error enoent ENOENT: no such file or directory, open '/Users/arjunnayak/package.json'
16 error enoent ENOENT: no such file or directory, open '/Users/arjunnayak/package.json'
16 error enoent This is most likely not a problem with npm itself
16 error enoent and is related to npm not being able to find a file.
17 verbose exit [ -2, true ]
